<?xml version="1.0" encoding="UTF-8"?>
<!-- Generated by org.testng.reporters.JUnitReportReporter -->
<testsuite hostname="Shraddha-PC" failures="0" tests="1" name="com.extentreports.tests.ExtentReportJson2" time="3.070" errors="0" timestamp="26 Jun 2022 07:33:15 GMT" skipped="0">
  <testcase classname="com.extentreports.tests.ExtentReportJson2" name="extentTest" time="3.070"/>
</testsuite> <!-- com.extentreports.tests.ExtentReportJson2 -->
