<?xml version="1.0" encoding="UTF-8"?>
<!-- Generated by org.testng.reporters.JUnitReportReporter -->
<testsuite hostname="Shraddha-PC" failures="0" tests="1" name="com.extentreports.tests.ExtentReportFailedTest3" time="2.572" errors="0" timestamp="12 Feb 2022 18:53:45 GMT" skipped="0">
  <testcase classname="com.extentreports.tests.ExtentReportFailedTest3" name="extentTest" time="2.572"/>
</testsuite> <!-- com.extentreports.tests.ExtentReportFailedTest3 -->
