<?xml version="1.0" encoding="UTF-8"?>
<!-- Generated by org.testng.reporters.JUnitReportReporter -->
<testsuite hostname="Shraddha-PC" failures="0" tests="1" name="com.extentreports.tests.ExtentReportFailedTest3" time="0.847" errors="0" timestamp="26 Jun 2022 07:33:16 GMT" skipped="0">
  <testcase classname="com.extentreports.tests.ExtentReportFailedTest3" name="extentTest" time="0.847"/>
</testsuite> <!-- com.extentreports.tests.ExtentReportFailedTest3 -->
