<?xml version="1.0" encoding="UTF-8"?>
<!-- Generated by org.testng.reporters.JUnitReportReporter -->
<testsuite hostname="Shraddha-PC" failures="0" tests="1" name="com.extentreports.tests.AttachLogo6" time="0.423" errors="0" timestamp="26 Jun 2022 07:33:16 GMT" skipped="0">
  <testcase classname="com.extentreports.tests.AttachLogo6" name="attachLogoTest" time="0.423"/>
</testsuite> <!-- com.extentreports.tests.AttachLogo6 -->
